c:\users\ma\desktop\consoleapplication6\consoleapplication6\debug\vc140.pdb
c:\users\ma\desktop\consoleapplication6\consoleapplication6\debug\vc140.idb
c:\users\ma\desktop\consoleapplication6\consoleapplication6\debug\source.obj
c:\users\ma\desktop\consoleapplication6\consoleapplication6\debug\playermove.obj
c:\users\ma\desktop\consoleapplication6\consoleapplication6\debug\variables_prototypes.obj
c:\users\ma\desktop\consoleapplication6\consoleapplication6\debug\main.obj
c:\users\ma\desktop\consoleapplication6\debug\consoleapplication6.pdb
c:\users\ma\desktop\consoleapplication6\consoleapplication6\debug\consolea.40d7f24a.tlog\cl.command.1.tlog
c:\users\ma\desktop\consoleapplication6\consoleapplication6\debug\consolea.40d7f24a.tlog\cl.read.1.tlog
c:\users\ma\desktop\consoleapplication6\consoleapplication6\debug\consolea.40d7f24a.tlog\cl.write.1.tlog
c:\users\ma\desktop\consoleapplication6\consoleapplication6\debug\consolea.40d7f24a.tlog\link-cvtres.read.1.tlog
c:\users\ma\desktop\consoleapplication6\consoleapplication6\debug\consolea.40d7f24a.tlog\link-cvtres.write.1.tlog
c:\users\ma\desktop\consoleapplication6\consoleapplication6\debug\consolea.40d7f24a.tlog\link-rc.read.1.tlog
c:\users\ma\desktop\consoleapplication6\consoleapplication6\debug\consolea.40d7f24a.tlog\link-rc.write.1.tlog
c:\users\ma\desktop\consoleapplication6\consoleapplication6\debug\consolea.40d7f24a.tlog\link.1284-cvtres.read.1.tlog
c:\users\ma\desktop\consoleapplication6\consoleapplication6\debug\consolea.40d7f24a.tlog\link.1284-cvtres.write.1.tlog
c:\users\ma\desktop\consoleapplication6\consoleapplication6\debug\consolea.40d7f24a.tlog\link.1284-rc.read.1.tlog
c:\users\ma\desktop\consoleapplication6\consoleapplication6\debug\consolea.40d7f24a.tlog\link.1284-rc.write.1.tlog
c:\users\ma\desktop\consoleapplication6\consoleapplication6\debug\consolea.40d7f24a.tlog\link.1284.read.1.tlog
c:\users\ma\desktop\consoleapplication6\consoleapplication6\debug\consolea.40d7f24a.tlog\link.1284.write.1.tlog
c:\users\ma\desktop\consoleapplication6\consoleapplication6\debug\consolea.40d7f24a.tlog\link.command.1.tlog
c:\users\ma\desktop\consoleapplication6\consoleapplication6\debug\consolea.40d7f24a.tlog\link.read.1.tlog
c:\users\ma\desktop\consoleapplication6\consoleapplication6\debug\consolea.40d7f24a.tlog\link.write.1.tlog
